# JRE version: Java(TM) SE Runtime Environment (8.0_91-b14) (build 1.8.0_91-b14)
# Java VM: Java HotSpot(TM) 64-Bit Server VM (25.91-b14 mixed mode linux-amd64 compressed oops)
Heap:
 PSYoungGen      total 36864K, used 3191K [0x00000000d7100000, 0x00000000d9c00000, 0x0000000100000000)
  eden space 30720K, 8% used [0x00000000d7100000,0x00000000d7385e20,0x00000000d8f00000)
  from space 6144K, 9% used [0x00000000d9600000,0x00000000d9698000,0x00000000d9c00000)
  to   space 6656K, 0% used [0x00000000d8f00000,0x00000000d8f00000,0x00000000d9580000)
 ParOldGen       total 41472K, used 5277K [0x0000000085200000, 0x0000000087a80000, 0x00000000d7100000)
  object space 41472K, 12% used [0x0000000085200000,0x00000000857276a0,0x0000000087a80000)
 Metaspace       used 20435K, capacity 22306K, committed 22448K, reserved 1069056K
  class space    used 2531K, capacity 3166K, committed 3248K, reserved 1048576K
GC Heap History (10 events):
Event: 28,430 GC heap before
{Heap before GC invocations=3 (full 0):
 PSYoungGen      total 36864K, used 33622K [0x00000000d7100000, 0x00000000d9a00000, 0x0000000100000000)
  eden space 31744K, 93% used [0x00000000d7100000,0x00000000d8deff20,0x00000000d9000000)
  from space 5120K, 77% used [0x00000000d9500000,0x00000000d98e5918,0x00000000d9a00000)
  to   space 5120K, 0% used [0x00000000d9000000,0x00000000d9000000,0x00000000d9500000)
 ParOldGen       total 84992K, used 96K [0x0000000085200000, 0x000000008a500000, 0x00000000d7100000)
  object space 84992K, 0% used [0x0000000085200000,0x0000000085218010,0x000000008a500000)
 Metaspace       used 19472K, capacity 21248K, committed 21296K, reserved 1067008K
  class space    used 2465K, capacity 3097K, committed 3120K, reserved 1048576K
Event: 28,440 GC heap after
Heap after GC invocations=3 (full 0):
 PSYoungGen      total 36864K, used 5119K [0x00000000d7100000, 0x00000000d9a00000, 0x0000000100000000)
  eden space 31744K, 0% used [0x00000000d7100000,0x00000000d7100000,0x00000000d9000000)
  from space 5120K, 99% used [0x00000000d9000000,0x00000000d94ffdb8,0x00000000d9500000)
  to   space 5120K, 0% used [0x00000000d9500000,0x00000000d9500000,0x00000000d9a00000)
 ParOldGen       total 84992K, used 311K [0x0000000085200000, 0x000000008a500000, 0x00000000d7100000)
  object space 84992K, 0% used [0x0000000085200000,0x000000008524dce0,0x000000008a500000)
 Metaspace       used 19472K, capacity 21248K, committed 21296K, reserved 1067008K
  class space    used 2465K, capacity 3097K, committed 3120K, reserved 1048576K
}
Event: 28,440 GC heap before
{Heap before GC invocations=4 (full 1):
 PSYoungGen      total 36864K, used 5119K [0x00000000d7100000, 0x00000000d9a00000, 0x0000000100000000)
  eden space 31744K, 0% used [0x00000000d7100000,0x00000000d7100000,0x00000000d9000000)
  from space 5120K, 99% used [0x00000000d9000000,0x00000000d94ffdb8,0x00000000d9500000)
  to   space 5120K, 0% used [0x00000000d9500000,0x00000000d9500000,0x00000000d9a00000)
 ParOldGen       total 84992K, used 311K [0x0000000085200000, 0x000000008a500000, 0x00000000d7100000)
  object space 84992K, 0% used [0x0000000085200000,0x000000008524dce0,0x000000008a500000)
 Metaspace       used 19472K, capacity 21248K, committed 21296K, reserved 1067008K
  class space    used 2465K, capacity 3097K, committed 3120K, reserved 1048576K
Event: 28,480 GC heap after
Heap after GC invocations=4 (full 1):
 PSYoungGen      total 36864K, used 0K [0x00000000d7100000, 0x00000000d9a00000, 0x0000000100000000)
  eden space 31744K, 0% used [0x00000000d7100000,0x00000000d7100000,0x00000000d9000000)
  from space 5120K, 0% used [0x00000000d9000000,0x00000000d9000000,0x00000000d9500000)
  to   space 5120K, 0% used [0x00000000d9500000,0x00000000d9500000,0x00000000d9a00000)
 ParOldGen       total 41472K, used 5253K [0x0000000085200000, 0x0000000087a80000, 0x00000000d7100000)
  object space 41472K, 12% used [0x0000000085200000,0x00000000857216a0,0x0000000087a80000)
 Metaspace       used 19472K, capacity 21248K, committed 21296K, reserved 1067008K
  class space    used 2465K, capacity 3097K, committed 3120K, reserved 1048576K
}
Event: 37,103 GC heap before
{Heap before GC invocations=5 (full 1):
 PSYoungGen      total 36864K, used 31744K [0x00000000d7100000, 0x00000000d9a00000, 0x0000000100000000)
  eden space 31744K, 100% used [0x00000000d7100000,0x00000000d9000000,0x00000000d9000000)
  from space 5120K, 0% used [0x00000000d9000000,0x00000000d9000000,0x00000000d9500000)
  to   space 5120K, 0% used [0x00000000d9500000,0x00000000d9500000,0x00000000d9a00000)
 ParOldGen       total 41472K, used 5253K [0x0000000085200000, 0x0000000087a80000, 0x00000000d7100000)
  object space 41472K, 12% used [0x0000000085200000,0x00000000857216a0,0x0000000087a80000)
 Metaspace       used 19981K, capacity 21774K, committed 21936K, reserved 1069056K
  class space    used 2526K, capacity 3162K, committed 3248K, reserved 1048576K
Event: 37,105 GC heap after
Heap after GC invocations=5 (full 1):
 PSYoungGen      total 36864K, used 736K [0x00000000d7100000, 0x00000000d9a00000, 0x0000000100000000)
  eden space 31744K, 0% used [0x00000000d7100000,0x00000000d7100000,0x00000000d9000000)
  from space 5120K, 14% used [0x00000000d9500000,0x00000000d95b8000,0x00000000d9a00000)
  to   space 5120K, 0% used [0x00000000d9000000,0x00000000d9000000,0x00000000d9500000)
 ParOldGen       total 41472K, used 5261K [0x0000000085200000, 0x0000000087a80000, 0x00000000d7100000)
  object space 41472K, 12% used [0x0000000085200000,0x00000000857236a0,0x0000000087a80000)
 Metaspace       used 19981K, capacity 21774K, committed 21936K, reserved 1069056K
  class space    used 2526K, capacity 3162K, committed 3248K, reserved 1048576K
}
Event: 40,132 GC heap before
{Heap before GC invocations=6 (full 1):
 PSYoungGen      total 36864K, used 32480K [0x00000000d7100000, 0x00000000d9a00000, 0x0000000100000000)
  eden space 31744K, 100% used [0x00000000d7100000,0x00000000d9000000,0x00000000d9000000)
  from space 5120K, 14% used [0x00000000d9500000,0x00000000d95b8000,0x00000000d9a00000)
  to   space 5120K, 0% used [0x00000000d9000000,0x00000000d9000000,0x00000000d9500000)
 ParOldGen       total 41472K, used 5261K [0x0000000085200000, 0x0000000087a80000, 0x00000000d7100000)
  object space 41472K, 12% used [0x0000000085200000,0x00000000857236a0,0x0000000087a80000)
 Metaspace       used 20215K, capacity 22030K, committed 22192K, reserved 1069056K
  class space    used 2527K, capacity 3162K, committed 3248K, reserved 1048576K
Event: 40,135 GC heap after
Heap after GC invocations=6 (full 1):
 PSYoungGen      total 36352K, used 480K [0x00000000d7100000, 0x00000000d9c80000, 0x0000000100000000)
  eden space 31232K, 0% used [0x00000000d7100000,0x00000000d7100000,0x00000000d8f80000)
  from space 5120K, 9% used [0x00000000d9000000,0x00000000d9078000,0x00000000d9500000)
  to   space 6656K, 0% used [0x00000000d9600000,0x00000000d9600000,0x00000000d9c80000)
 ParOldGen       total 41472K, used 5269K [0x0000000085200000, 0x0000000087a80000, 0x00000000d7100000)
  object space 41472K, 12% used [0x0000000085200000,0x00000000857256a0,0x0000000087a80000)
 Metaspace       used 20215K, capacity 22030K, committed 22192K, reserved 1069056K
  class space    used 2527K, capacity 3162K, committed 3248K, reserved 1048576K
}
Event: 53,927 GC heap before
{Heap before GC invocations=7 (full 1):
 PSYoungGen      total 36352K, used 31712K [0x00000000d7100000, 0x00000000d9c80000, 0x0000000100000000)
  eden space 31232K, 100% used [0x00000000d7100000,0x00000000d8f80000,0x00000000d8f80000)
  from space 5120K, 9% used [0x00000000d9000000,0x00000000d9078000,0x00000000d9500000)
  to   space 6656K, 0% used [0x00000000d9600000,0x00000000d9600000,0x00000000d9c80000)
 ParOldGen       total 41472K, used 5269K [0x0000000085200000, 0x0000000087a80000, 0x00000000d7100000)
  object space 41472K, 12% used [0x0000000085200000,0x00000000857256a0,0x0000000087a80000)
 Metaspace       used 20394K, capacity 22222K, committed 22448K, reserved 1069056K
  class space    used 2527K, capacity 3162K, committed 3248K, reserved 1048576K
Event: 53,932 GC heap after
Heap after GC invocations=7 (full 1):
 PSYoungGen      total 36864K, used 608K [0x00000000d7100000, 0x00000000d9c00000, 0x0000000100000000)
  eden space 30720K, 0% used [0x00000000d7100000,0x00000000d7100000,0x00000000d8f00000)
  from space 6144K, 9% used [0x00000000d9600000,0x00000000d9698000,0x00000000d9c00000)
  to   space 6656K, 0% used [0x00000000d8f00000,0x00000000d8f00000,0x00000000d9580000)
 ParOldGen       total 41472K, used 5277K [0x0000000085200000, 0x0000000087a80000, 0x00000000d7100000)
  object space 41472K, 12% used [0x0000000085200000,0x00000000857276a0,0x0000000087a80000)
 Metaspace       used 20394K, capacity 22222K, committed 22448K, reserved 1069056K
  class space    used 2527K, capacity 3162K, committed 3248K, reserved 1048576K
}

