# JRE version: Java(TM) SE Runtime Environment (8.0_121-b13) (build 1.8.0_121-b13)
# Java VM: Java HotSpot(TM) 64-Bit Server VM (25.121-b13 mixed mode linux-amd64 compressed oops)
Heap:
 PSYoungGen      total 36864K, used 25261K [0x00000000d7100000, 0x00000000d9a00000, 0x0000000100000000)
  eden space 31744K, 63% used [0x00000000d7100000,0x00000000d84b0598,0x00000000d9000000)
  from space 5120K, 99% used [0x00000000d9500000,0x00000000d99fafe0,0x00000000d9a00000)
  to   space 5120K, 0% used [0x00000000d9000000,0x00000000d9000000,0x00000000d9500000)
 ParOldGen       total 84992K, used 3467K [0x0000000085200000, 0x000000008a500000, 0x00000000d7100000)
  object space 84992K, 4% used [0x0000000085200000,0x0000000085562d20,0x000000008a500000)
 Metaspace       used 20281K, capacity 20756K, committed 20992K, reserved 1067008K
  class space    used 2332K, capacity 2499K, committed 2560K, reserved 1048576K
GC Heap History (8 events):
Event: 7,199 GC heap before
{Heap before GC invocations=1 (full 0):
 PSYoungGen      total 36864K, used 31744K [0x00000000d7100000, 0x00000000d9a00000, 0x0000000100000000)
  eden space 31744K, 100% used [0x00000000d7100000,0x00000000d9000000,0x00000000d9000000)
  from space 5120K, 0% used [0x00000000d9500000,0x00000000d9500000,0x00000000d9a00000)
  to   space 5120K, 0% used [0x00000000d9000000,0x00000000d9000000,0x00000000d9500000)
 ParOldGen       total 84992K, used 0K [0x0000000085200000, 0x000000008a500000, 0x00000000d7100000)
  object space 84992K, 0% used [0x0000000085200000,0x0000000085200000,0x000000008a500000)
 Metaspace       used 15440K, capacity 15656K, committed 15872K, reserved 1062912K
  class space    used 1841K, capacity 1952K, committed 2048K, reserved 1048576K
Event: 7,222 GC heap after
Heap after GC invocations=1 (full 0):
 PSYoungGen      total 36864K, used 5090K [0x00000000d7100000, 0x00000000d9a00000, 0x0000000100000000)
  eden space 31744K, 0% used [0x00000000d7100000,0x00000000d7100000,0x00000000d9000000)
  from space 5120K, 99% used [0x00000000d9000000,0x00000000d94f88e8,0x00000000d9500000)
  to   space 5120K, 0% used [0x00000000d9500000,0x00000000d9500000,0x00000000d9a00000)
 ParOldGen       total 84992K, used 2735K [0x0000000085200000, 0x000000008a500000, 0x00000000d7100000)
  object space 84992K, 3% used [0x0000000085200000,0x00000000854abd10,0x000000008a500000)
 Metaspace       used 15440K, capacity 15656K, committed 15872K, reserved 1062912K
  class space    used 1841K, capacity 1952K, committed 2048K, reserved 1048576K
}
Event: 25,041 GC heap before
{Heap before GC invocations=2 (full 0):
 PSYoungGen      total 36864K, used 36834K [0x00000000d7100000, 0x00000000d9a00000, 0x0000000100000000)
  eden space 31744K, 100% used [0x00000000d7100000,0x00000000d9000000,0x00000000d9000000)
  from space 5120K, 99% used [0x00000000d9000000,0x00000000d94f88e8,0x00000000d9500000)
  to   space 5120K, 0% used [0x00000000d9500000,0x00000000d9500000,0x00000000d9a00000)
 ParOldGen       total 84992K, used 2735K [0x0000000085200000, 0x000000008a500000, 0x00000000d7100000)
  object space 84992K, 3% used [0x0000000085200000,0x00000000854abd10,0x000000008a500000)
 Metaspace       used 17937K, capacity 18266K, committed 18432K, reserved 1064960K
  class space    used 2122K, capacity 2260K, committed 2304K, reserved 1048576K
Event: 25,053 GC heap after
Heap after GC invocations=2 (full 0):
 PSYoungGen      total 36864K, used 4866K [0x00000000d7100000, 0x00000000d9a00000, 0x0000000100000000)
  eden space 31744K, 0% used [0x00000000d7100000,0x00000000d7100000,0x00000000d9000000)
  from space 5120K, 95% used [0x00000000d9500000,0x00000000d99c08c8,0x00000000d9a00000)
  to   space 5120K, 0% used [0x00000000d9000000,0x00000000d9000000,0x00000000d9500000)
 ParOldGen       total 84992K, used 2743K [0x0000000085200000, 0x000000008a500000, 0x00000000d7100000)
  object space 84992K, 3% used [0x0000000085200000,0x00000000854add10,0x000000008a500000)
 Metaspace       used 17937K, capacity 18266K, committed 18432K, reserved 1064960K
  class space    used 2122K, capacity 2260K, committed 2304K, reserved 1048576K
}
Event: 182,127 GC heap before
{Heap before GC invocations=3 (full 0):
 PSYoungGen      total 36864K, used 36610K [0x00000000d7100000, 0x00000000d9a00000, 0x0000000100000000)
  eden space 31744K, 100% used [0x00000000d7100000,0x00000000d9000000,0x00000000d9000000)
  from space 5120K, 95% used [0x00000000d9500000,0x00000000d99c08c8,0x00000000d9a00000)
  to   space 5120K, 0% used [0x00000000d9000000,0x00000000d9000000,0x00000000d9500000)
 ParOldGen       total 84992K, used 2743K [0x0000000085200000, 0x000000008a500000, 0x00000000d7100000)
  object space 84992K, 3% used [0x0000000085200000,0x00000000854add10,0x000000008a500000)
 Metaspace       used 18966K, capacity 19430K, committed 19584K, reserved 1067008K
  class space    used 2230K, capacity 2426K, committed 2432K, reserved 1048576K
Event: 182,134 GC heap after
Heap after GC invocations=3 (full 0):
 PSYoungGen      total 36864K, used 5042K [0x00000000d7100000, 0x00000000d9a00000, 0x0000000100000000)
  eden space 31744K, 0% used [0x00000000d7100000,0x00000000d7100000,0x00000000d9000000)
  from space 5120K, 98% used [0x00000000d9000000,0x00000000d94ec8d8,0x00000000d9500000)
  to   space 5120K, 0% used [0x00000000d9500000,0x00000000d9500000,0x00000000d9a00000)
 ParOldGen       total 84992K, used 2751K [0x0000000085200000, 0x000000008a500000, 0x00000000d7100000)
  object space 84992K, 3% used [0x0000000085200000,0x00000000854afd10,0x000000008a500000)
 Metaspace       used 18966K, capacity 19430K, committed 19584K, reserved 1067008K
  class space    used 2230K, capacity 2426K, committed 2432K, reserved 1048576K
}
Event: 18428,058 GC heap before
{Heap before GC invocations=4 (full 0):
 PSYoungGen      total 36864K, used 36786K [0x00000000d7100000, 0x00000000d9a00000, 0x0000000100000000)
  eden space 31744K, 100% used [0x00000000d7100000,0x00000000d9000000,0x00000000d9000000)
  from space 5120K, 98% used [0x00000000d9000000,0x00000000d94ec8d8,0x00000000d9500000)
  to   space 5120K, 0% used [0x00000000d9500000,0x00000000d9500000,0x00000000d9a00000)
 ParOldGen       total 84992K, used 2751K [0x0000000085200000, 0x000000008a500000, 0x00000000d7100000)
  object space 84992K, 3% used [0x0000000085200000,0x00000000854afd10,0x000000008a500000)
 Metaspace       used 19994K, capacity 20430K, committed 20736K, reserved 1067008K
  class space    used 2328K, capacity 2498K, committed 2560K, reserved 1048576K
Event: 18428,067 GC heap after
Heap after GC invocations=4 (full 0):
 PSYoungGen      total 36864K, used 5099K [0x00000000d7100000, 0x00000000d9a00000, 0x0000000100000000)
  eden space 31744K, 0% used [0x00000000d7100000,0x00000000d7100000,0x00000000d9000000)
  from space 5120K, 99% used [0x00000000d9500000,0x00000000d99fafe0,0x00000000d9a00000)
  to   space 5120K, 0% used [0x00000000d9000000,0x00000000d9000000,0x00000000d9500000)
 ParOldGen       total 84992K, used 3467K [0x0000000085200000, 0x000000008a500000, 0x00000000d7100000)
  object space 84992K, 4% used [0x0000000085200000,0x0000000085562d20,0x000000008a500000)
 Metaspace       used 19994K, capacity 20430K, committed 20736K, reserved 1067008K
  class space    used 2328K, capacity 2498K, committed 2560K, reserved 1048576K
}

