# JRE version: Java(TM) SE Runtime Environment (8.0_111-b14) (build 1.8.0_111-b14)
# Java VM: Java HotSpot(TM) 64-Bit Server VM (25.111-b14 mixed mode linux-amd64 compressed oops)
Heap:
 PSYoungGen      total 352256K, used 100564K [0x00000000d7100000, 0x00000000fe500000, 0x0000000100000000)
  eden space 351232K, 28% used [0x00000000d7100000,0x00000000dd2ad0d8,0x00000000ec800000)
  from space 1024K, 53% used [0x00000000fe400000,0x00000000fe488000,0x00000000fe500000)
  to   space 3584K, 0% used [0x00000000fde00000,0x00000000fde00000,0x00000000fe180000)
 ParOldGen       total 44032K, used 11504K [0x0000000085200000, 0x0000000087d00000, 0x00000000d7100000)
  object space 44032K, 26% used [0x0000000085200000,0x0000000085d3c208,0x0000000087d00000)
 Metaspace       used 20346K, capacity 21596K, committed 21888K, reserved 1069056K
  class space    used 2466K, capacity 2848K, committed 2944K, reserved 1048576K
GC Heap History (10 events):
Event: 172,000 GC heap before
{Heap before GC invocations=29 (full 1):
 PSYoungGen      total 444416K, used 443936K [0x00000000d7100000, 0x00000000fee00000, 0x0000000100000000)
  eden space 443392K, 100% used [0x00000000d7100000,0x00000000f2200000,0x00000000f2200000)
  from space 1024K, 53% used [0x00000000fe680000,0x00000000fe708000,0x00000000fe780000)
  to   space 4096K, 0% used [0x00000000fea00000,0x00000000fea00000,0x00000000fee00000)
 ParOldGen       total 44032K, used 10592K [0x0000000085200000, 0x0000000087d00000, 0x00000000d7100000)
  object space 44032K, 24% used [0x0000000085200000,0x0000000085c58208,0x0000000087d00000)
 Metaspace       used 20269K, capacity 21526K, committed 21632K, reserved 1069056K
  class space    used 2463K, capacity 2847K, committed 2944K, reserved 1048576K
Event: 172,002 GC heap after
Heap after GC invocations=29 (full 1):
 PSYoungGen      total 423936K, used 608K [0x00000000d7100000, 0x00000000feb00000, 0x0000000100000000)
  eden space 422912K, 0% used [0x00000000d7100000,0x00000000d7100000,0x00000000f0e00000)
  from space 1024K, 59% used [0x00000000fea00000,0x00000000fea98000,0x00000000feb00000)
  to   space 4096K, 0% used [0x00000000fe300000,0x00000000fe300000,0x00000000fe700000)
 ParOldGen       total 44032K, used 10768K [0x0000000085200000, 0x0000000087d00000, 0x00000000d7100000)
  object space 44032K, 24% used [0x0000000085200000,0x0000000085c84208,0x0000000087d00000)
 Metaspace       used 20269K, capacity 21526K, committed 21632K, reserved 1069056K
  class space    used 2463K, capacity 2847K, committed 2944K, reserved 1048576K
}
Event: 172,932 GC heap before
{Heap before GC invocations=30 (full 1):
 PSYoungGen      total 423936K, used 423520K [0x00000000d7100000, 0x00000000feb00000, 0x0000000100000000)
  eden space 422912K, 100% used [0x00000000d7100000,0x00000000f0e00000,0x00000000f0e00000)
  from space 1024K, 59% used [0x00000000fea00000,0x00000000fea98000,0x00000000feb00000)
  to   space 4096K, 0% used [0x00000000fe300000,0x00000000fe300000,0x00000000fe700000)
 ParOldGen       total 44032K, used 10768K [0x0000000085200000, 0x0000000087d00000, 0x00000000d7100000)
  object space 44032K, 24% used [0x0000000085200000,0x0000000085c84208,0x0000000087d00000)
 Metaspace       used 20271K, capacity 21526K, committed 21632K, reserved 1069056K
  class space    used 2463K, capacity 2847K, committed 2944K, reserved 1048576K
Event: 172,934 GC heap after
Heap after GC invocations=30 (full 1):
 PSYoungGen      total 407552K, used 640K [0x00000000d7100000, 0x00000000fea80000, 0x0000000100000000)
  eden space 403456K, 0% used [0x00000000d7100000,0x00000000d7100000,0x00000000efb00000)
  from space 4096K, 15% used [0x00000000fe300000,0x00000000fe3a0000,0x00000000fe700000)
  to   space 3584K, 0% used [0x00000000fe700000,0x00000000fe700000,0x00000000fea80000)
 ParOldGen       total 44032K, used 10968K [0x0000000085200000, 0x0000000087d00000, 0x00000000d7100000)
  object space 44032K, 24% used [0x0000000085200000,0x0000000085cb6208,0x0000000087d00000)
 Metaspace       used 20271K, capacity 21526K, committed 21632K, reserved 1069056K
  class space    used 2463K, capacity 2847K, committed 2944K, reserved 1048576K
}
Event: 173,828 GC heap before
{Heap before GC invocations=31 (full 1):
 PSYoungGen      total 407552K, used 404096K [0x00000000d7100000, 0x00000000fea80000, 0x0000000100000000)
  eden space 403456K, 100% used [0x00000000d7100000,0x00000000efb00000,0x00000000efb00000)
  from space 4096K, 15% used [0x00000000fe300000,0x00000000fe3a0000,0x00000000fe700000)
  to   space 3584K, 0% used [0x00000000fe700000,0x00000000fe700000,0x00000000fea80000)
 ParOldGen       total 44032K, used 10968K [0x0000000085200000, 0x0000000087d00000, 0x00000000d7100000)
  object space 44032K, 24% used [0x0000000085200000,0x0000000085cb6208,0x0000000087d00000)
 Metaspace       used 20274K, capacity 21526K, committed 21632K, reserved 1069056K
  class space    used 2463K, capacity 2847K, committed 2944K, reserved 1048576K
Event: 173,830 GC heap after
Heap after GC invocations=31 (full 1):
 PSYoungGen      total 386048K, used 544K [0x00000000d7100000, 0x00000000fe800000, 0x0000000100000000)
  eden space 385024K, 0% used [0x00000000d7100000,0x00000000d7100000,0x00000000ee900000)
  from space 1024K, 53% used [0x00000000fe700000,0x00000000fe788000,0x00000000fe800000)
  to   space 3584K, 0% used [0x00000000fe100000,0x00000000fe100000,0x00000000fe480000)
 ParOldGen       total 44032K, used 11152K [0x0000000085200000, 0x0000000087d00000, 0x00000000d7100000)
  object space 44032K, 25% used [0x0000000085200000,0x0000000085ce4208,0x0000000087d00000)
 Metaspace       used 20274K, capacity 21526K, committed 21632K, reserved 1069056K
  class space    used 2463K, capacity 2847K, committed 2944K, reserved 1048576K
}
Event: 174,599 GC heap before
{Heap before GC invocations=32 (full 1):
 PSYoungGen      total 386048K, used 385568K [0x00000000d7100000, 0x00000000fe800000, 0x0000000100000000)
  eden space 385024K, 100% used [0x00000000d7100000,0x00000000ee900000,0x00000000ee900000)
  from space 1024K, 53% used [0x00000000fe700000,0x00000000fe788000,0x00000000fe800000)
  to   space 3584K, 0% used [0x00000000fe100000,0x00000000fe100000,0x00000000fe480000)
 ParOldGen       total 44032K, used 11152K [0x0000000085200000, 0x0000000087d00000, 0x00000000d7100000)
  object space 44032K, 25% used [0x0000000085200000,0x0000000085ce4208,0x0000000087d00000)
 Metaspace       used 20274K, capacity 21526K, committed 21632K, reserved 1069056K
  class space    used 2463K, capacity 2847K, committed 2944K, reserved 1048576K
Event: 174,601 GC heap after
Heap after GC invocations=32 (full 1):
 PSYoungGen      total 368640K, used 544K [0x00000000d7100000, 0x00000000fe780000, 0x0000000100000000)
  eden space 367616K, 0% used [0x00000000d7100000,0x00000000d7100000,0x00000000ed800000)
  from space 1024K, 53% used [0x00000000fe100000,0x00000000fe188000,0x00000000fe200000)
  to   space 3584K, 0% used [0x00000000fe400000,0x00000000fe400000,0x00000000fe780000)
 ParOldGen       total 44032K, used 11336K [0x0000000085200000, 0x0000000087d00000, 0x00000000d7100000)
  object space 44032K, 25% used [0x0000000085200000,0x0000000085d12208,0x0000000087d00000)
 Metaspace       used 20274K, capacity 21526K, committed 21632K, reserved 1069056K
  class space    used 2463K, capacity 2847K, committed 2944K, reserved 1048576K
}
Event: 175,361 GC heap before
{Heap before GC invocations=33 (full 1):
 PSYoungGen      total 368640K, used 368160K [0x00000000d7100000, 0x00000000fe780000, 0x0000000100000000)
  eden space 367616K, 100% used [0x00000000d7100000,0x00000000ed800000,0x00000000ed800000)
  from space 1024K, 53% used [0x00000000fe100000,0x00000000fe188000,0x00000000fe200000)
  to   space 3584K, 0% used [0x00000000fe400000,0x00000000fe400000,0x00000000fe780000)
 ParOldGen       total 44032K, used 11336K [0x0000000085200000, 0x0000000087d00000, 0x00000000d7100000)
  object space 44032K, 25% used [0x0000000085200000,0x0000000085d12208,0x0000000087d00000)
 Metaspace       used 20275K, capacity 21526K, committed 21632K, reserved 1069056K
  class space    used 2463K, capacity 2847K, committed 2944K, reserved 1048576K
Event: 175,362 GC heap after
Heap after GC invocations=33 (full 1):
 PSYoungGen      total 352256K, used 544K [0x00000000d7100000, 0x00000000fe500000, 0x0000000100000000)
  eden space 351232K, 0% used [0x00000000d7100000,0x00000000d7100000,0x00000000ec800000)
  from space 1024K, 53% used [0x00000000fe400000,0x00000000fe488000,0x00000000fe500000)
  to   space 3584K, 0% used [0x00000000fde00000,0x00000000fde00000,0x00000000fe180000)
 ParOldGen       total 44032K, used 11504K [0x0000000085200000, 0x0000000087d00000, 0x00000000d7100000)
  object space 44032K, 26% used [0x0000000085200000,0x0000000085d3c208,0x0000000087d00000)
 Metaspace       used 20275K, capacity 21526K, committed 21632K, reserved 1069056K
  class space    used 2463K, capacity 2847K, committed 2944K, reserved 1048576K
}

