# JRE version: Java(TM) SE Runtime Environment (8.0_111-b14) (build 1.8.0_111-b14)
# Java VM: Java HotSpot(TM) 64-Bit Server VM (25.111-b14 mixed mode linux-amd64 compressed oops)
Heap:
 PSYoungGen      total 36864K, used 28715K [0x00000000d7100000, 0x00000000d9a00000, 0x0000000100000000)
  eden space 31744K, 78% used [0x00000000d7100000,0x00000000d892f598,0x00000000d9000000)
  from space 5120K, 77% used [0x00000000d9500000,0x00000000d98db938,0x00000000d9a00000)
  to   space 5120K, 0% used [0x00000000d9000000,0x00000000d9000000,0x00000000d9500000)
 ParOldGen       total 84992K, used 96K [0x0000000085200000, 0x000000008a500000, 0x00000000d7100000)
  object space 84992K, 0% used [0x0000000085200000,0x0000000085218010,0x000000008a500000)
 Metaspace       used 16716K, capacity 17056K, committed 17280K, reserved 1064960K
  class space    used 1965K, capacity 2115K, committed 2176K, reserved 1048576K
GC Heap History (4 events):
Event: 4,459 GC heap before
{Heap before GC invocations=1 (full 0):
 PSYoungGen      total 36864K, used 31648K [0x00000000d7100000, 0x00000000d9a00000, 0x0000000100000000)
  eden space 31744K, 99% used [0x00000000d7100000,0x00000000d8fe8398,0x00000000d9000000)
  from space 5120K, 0% used [0x00000000d9500000,0x00000000d9500000,0x00000000d9a00000)
  to   space 5120K, 0% used [0x00000000d9000000,0x00000000d9000000,0x00000000d9500000)
 ParOldGen       total 84992K, used 0K [0x0000000085200000, 0x000000008a500000, 0x00000000d7100000)
  object space 84992K, 0% used [0x0000000085200000,0x0000000085200000,0x000000008a500000)
 Metaspace       used 15366K, capacity 15590K, committed 15872K, reserved 1062912K
  class space    used 1846K, capacity 1932K, committed 2048K, reserved 1048576K
Event: 4,470 GC heap after
Heap after GC invocations=1 (full 0):
 PSYoungGen      total 36864K, used 3998K [0x00000000d7100000, 0x00000000d9a00000, 0x0000000100000000)
  eden space 31744K, 0% used [0x00000000d7100000,0x00000000d7100000,0x00000000d9000000)
  from space 5120K, 78% used [0x00000000d9000000,0x00000000d93e7920,0x00000000d9500000)
  to   space 5120K, 0% used [0x00000000d9500000,0x00000000d9500000,0x00000000d9a00000)
 ParOldGen       total 84992K, used 88K [0x0000000085200000, 0x000000008a500000, 0x00000000d7100000)
  object space 84992K, 0% used [0x0000000085200000,0x0000000085216010,0x000000008a500000)
 Metaspace       used 15366K, capacity 15590K, committed 15872K, reserved 1062912K
  class space    used 1846K, capacity 1932K, committed 2048K, reserved 1048576K
}
Event: 6,569 GC heap before
{Heap before GC invocations=2 (full 0):
 PSYoungGen      total 36864K, used 35673K [0x00000000d7100000, 0x00000000d9a00000, 0x0000000100000000)
  eden space 31744K, 99% used [0x00000000d7100000,0x00000000d8feed40,0x00000000d9000000)
  from space 5120K, 78% used [0x00000000d9000000,0x00000000d93e7920,0x00000000d9500000)
  to   space 5120K, 0% used [0x00000000d9500000,0x00000000d9500000,0x00000000d9a00000)
 ParOldGen       total 84992K, used 88K [0x0000000085200000, 0x000000008a500000, 0x00000000d7100000)
  object space 84992K, 0% used [0x0000000085200000,0x0000000085216010,0x000000008a500000)
 Metaspace       used 15761K, capacity 16056K, committed 16128K, reserved 1062912K
  class space    used 1891K, capacity 2037K, committed 2048K, reserved 1048576K
Event: 6,580 GC heap after
Heap after GC invocations=2 (full 0):
 PSYoungGen      total 36864K, used 3950K [0x00000000d7100000, 0x00000000d9a00000, 0x0000000100000000)
  eden space 31744K, 0% used [0x00000000d7100000,0x00000000d7100000,0x00000000d9000000)
  from space 5120K, 77% used [0x00000000d9500000,0x00000000d98db938,0x00000000d9a00000)
  to   space 5120K, 0% used [0x00000000d9000000,0x00000000d9000000,0x00000000d9500000)
 ParOldGen       total 84992K, used 96K [0x0000000085200000, 0x000000008a500000, 0x00000000d7100000)
  object space 84992K, 0% used [0x0000000085200000,0x0000000085218010,0x000000008a500000)
 Metaspace       used 15761K, capacity 16056K, committed 16128K, reserved 1062912K
  class space    used 1891K, capacity 2037K, committed 2048K, reserved 1048576K
}

