# JRE version: Java(TM) SE Runtime Environment (8.0_111-b14) (build 1.8.0_111-b14)
# Java VM: Java HotSpot(TM) 64-Bit Server VM (25.111-b14 mixed mode linux-amd64 compressed oops)
Heap:
 PSYoungGen      total 35328K, used 13804K [0x00000000d7100000, 0x00000000d9980000, 0x0000000100000000)
  eden space 30720K, 44% used [0x00000000d7100000,0x00000000d7e7b0d8,0x00000000d8f00000)
  from space 4608K, 0% used [0x00000000d9500000,0x00000000d9500000,0x00000000d9980000)
  to   space 5120K, 0% used [0x00000000d8f80000,0x00000000d8f80000,0x00000000d9480000)
 ParOldGen       total 35840K, used 4271K [0x0000000085200000, 0x0000000087500000, 0x00000000d7100000)
  object space 35840K, 11% used [0x0000000085200000,0x000000008562bf28,0x0000000087500000)
 Metaspace       used 20940K, capacity 21242K, committed 21504K, reserved 1069056K
  class space    used 2421K, capacity 2538K, committed 2560K, reserved 1048576K
GC Heap History (10 events):
Event: 270,948 GC heap before
{Heap before GC invocations=3 (full 0):
 PSYoungGen      total 36864K, used 36018K [0x00000000d7100000, 0x00000000d9a00000, 0x0000000100000000)
  eden space 31744K, 100% used [0x00000000d7100000,0x00000000d9000000,0x00000000d9000000)
  from space 5120K, 83% used [0x00000000d9500000,0x00000000d992c8d8,0x00000000d9a00000)
  to   space 5120K, 0% used [0x00000000d9000000,0x00000000d9000000,0x00000000d9500000)
 ParOldGen       total 84992K, used 112K [0x0000000085200000, 0x000000008a500000, 0x00000000d7100000)
  object space 84992K, 0% used [0x0000000085200000,0x000000008521c010,0x000000008a500000)
 Metaspace       used 20090K, capacity 20380K, committed 20736K, reserved 1067008K
  class space    used 2381K, capacity 2471K, committed 2560K, reserved 1048576K
Event: 270,953 GC heap after
Heap after GC invocations=3 (full 0):
 PSYoungGen      total 36864K, used 4578K [0x00000000d7100000, 0x00000000d9a00000, 0x0000000100000000)
  eden space 31744K, 0% used [0x00000000d7100000,0x00000000d7100000,0x00000000d9000000)
  from space 5120K, 89% used [0x00000000d9000000,0x00000000d94788c8,0x00000000d9500000)
  to   space 5120K, 0% used [0x00000000d9500000,0x00000000d9500000,0x00000000d9a00000)
 ParOldGen       total 84992K, used 120K [0x0000000085200000, 0x000000008a500000, 0x00000000d7100000)
  object space 84992K, 0% used [0x0000000085200000,0x000000008521e010,0x000000008a500000)
 Metaspace       used 20090K, capacity 20380K, committed 20736K, reserved 1067008K
  class space    used 2381K, capacity 2471K, committed 2560K, reserved 1048576K
}
Event: 1210,543 GC heap before
{Heap before GC invocations=4 (full 0):
 PSYoungGen      total 36864K, used 36322K [0x00000000d7100000, 0x00000000d9a00000, 0x0000000100000000)
  eden space 31744K, 100% used [0x00000000d7100000,0x00000000d9000000,0x00000000d9000000)
  from space 5120K, 89% used [0x00000000d9000000,0x00000000d94788c8,0x00000000d9500000)
  to   space 5120K, 0% used [0x00000000d9500000,0x00000000d9500000,0x00000000d9a00000)
 ParOldGen       total 84992K, used 120K [0x0000000085200000, 0x000000008a500000, 0x00000000d7100000)
  object space 84992K, 0% used [0x0000000085200000,0x000000008521e010,0x000000008a500000)
 Metaspace       used 20424K, capacity 20722K, committed 20992K, reserved 1067008K
  class space    used 2388K, capacity 2476K, committed 2560K, reserved 1048576K
Event: 1210,549 GC heap after
Heap after GC invocations=4 (full 0):
 PSYoungGen      total 36864K, used 4484K [0x00000000d7100000, 0x00000000d9a00000, 0x0000000100000000)
  eden space 31744K, 0% used [0x00000000d7100000,0x00000000d7100000,0x00000000d9000000)
  from space 5120K, 87% used [0x00000000d9500000,0x00000000d99610f8,0x00000000d9a00000)
  to   space 5120K, 0% used [0x00000000d9000000,0x00000000d9000000,0x00000000d9500000)
 ParOldGen       total 84992K, used 128K [0x0000000085200000, 0x000000008a500000, 0x00000000d7100000)
  object space 84992K, 0% used [0x0000000085200000,0x0000000085220010,0x000000008a500000)
 Metaspace       used 20424K, capacity 20722K, committed 20992K, reserved 1067008K
  class space    used 2388K, capacity 2476K, committed 2560K, reserved 1048576K
}
Event: 2647,865 GC heap before
{Heap before GC invocations=5 (full 0):
 PSYoungGen      total 36864K, used 36228K [0x00000000d7100000, 0x00000000d9a00000, 0x0000000100000000)
  eden space 31744K, 100% used [0x00000000d7100000,0x00000000d9000000,0x00000000d9000000)
  from space 5120K, 87% used [0x00000000d9500000,0x00000000d99610f8,0x00000000d9a00000)
  to   space 5120K, 0% used [0x00000000d9000000,0x00000000d9000000,0x00000000d9500000)
 ParOldGen       total 84992K, used 128K [0x0000000085200000, 0x000000008a500000, 0x00000000d7100000)
  object space 84992K, 0% used [0x0000000085200000,0x0000000085220010,0x000000008a500000)
 Metaspace       used 20765K, capacity 20978K, committed 21248K, reserved 1069056K
  class space    used 2404K, capacity 2476K, committed 2560K, reserved 1048576K
Event: 2647,874 GC heap after
Heap after GC invocations=5 (full 0):
 PSYoungGen      total 36352K, used 4612K [0x00000000d7100000, 0x00000000d9980000, 0x0000000100000000)
  eden space 31232K, 0% used [0x00000000d7100000,0x00000000d7100000,0x00000000d8f80000)
  from space 5120K, 90% used [0x00000000d9000000,0x00000000d94810f8,0x00000000d9500000)
  to   space 4608K, 0% used [0x00000000d9500000,0x00000000d9500000,0x00000000d9980000)
 ParOldGen       total 84992K, used 136K [0x0000000085200000, 0x000000008a500000, 0x00000000d7100000)
  object space 84992K, 0% used [0x0000000085200000,0x0000000085222010,0x000000008a500000)
 Metaspace       used 20765K, capacity 20978K, committed 21248K, reserved 1069056K
  class space    used 2404K, capacity 2476K, committed 2560K, reserved 1048576K
}
Event: 2649,042 GC heap before
{Heap before GC invocations=6 (full 0):
 PSYoungGen      total 36352K, used 10110K [0x00000000d7100000, 0x00000000d9980000, 0x0000000100000000)
  eden space 31232K, 17% used [0x00000000d7100000,0x00000000d765e988,0x00000000d8f80000)
  from space 5120K, 90% used [0x00000000d9000000,0x00000000d94810f8,0x00000000d9500000)
  to   space 4608K, 0% used [0x00000000d9500000,0x00000000d9500000,0x00000000d9980000)
 ParOldGen       total 84992K, used 136K [0x0000000085200000, 0x000000008a500000, 0x00000000d7100000)
  object space 84992K, 0% used [0x0000000085200000,0x0000000085222010,0x000000008a500000)
 Metaspace       used 20837K, capacity 21042K, committed 21248K, reserved 1069056K
  class space    used 2407K, capacity 2476K, committed 2560K, reserved 1048576K
Event: 2649,048 GC heap after
Heap after GC invocations=6 (full 0):
 PSYoungGen      total 35328K, used 4274K [0x00000000d7100000, 0x00000000d9980000, 0x0000000100000000)
  eden space 30720K, 0% used [0x00000000d7100000,0x00000000d7100000,0x00000000d8f00000)
  from space 4608K, 92% used [0x00000000d9500000,0x00000000d992c840,0x00000000d9980000)
  to   space 5120K, 0% used [0x00000000d8f80000,0x00000000d8f80000,0x00000000d9480000)
 ParOldGen       total 84992K, used 144K [0x0000000085200000, 0x000000008a500000, 0x00000000d7100000)
  object space 84992K, 0% used [0x0000000085200000,0x0000000085224010,0x000000008a500000)
 Metaspace       used 20837K, capacity 21042K, committed 21248K, reserved 1069056K
  class space    used 2407K, capacity 2476K, committed 2560K, reserved 1048576K
}
Event: 2649,048 GC heap before
{Heap before GC invocations=7 (full 1):
 PSYoungGen      total 35328K, used 4274K [0x00000000d7100000, 0x00000000d9980000, 0x0000000100000000)
  eden space 30720K, 0% used [0x00000000d7100000,0x00000000d7100000,0x00000000d8f00000)
  from space 4608K, 92% used [0x00000000d9500000,0x00000000d992c840,0x00000000d9980000)
  to   space 5120K, 0% used [0x00000000d8f80000,0x00000000d8f80000,0x00000000d9480000)
 ParOldGen       total 84992K, used 144K [0x0000000085200000, 0x000000008a500000, 0x00000000d7100000)
  object space 84992K, 0% used [0x0000000085200000,0x0000000085224010,0x000000008a500000)
 Metaspace       used 20837K, capacity 21042K, committed 21248K, reserved 1069056K
  class space    used 2407K, capacity 2476K, committed 2560K, reserved 1048576K
Event: 2649,082 GC heap after
Heap after GC invocations=7 (full 1):
 PSYoungGen      total 35328K, used 0K [0x00000000d7100000, 0x00000000d9980000, 0x0000000100000000)
  eden space 30720K, 0% used [0x00000000d7100000,0x00000000d7100000,0x00000000d8f00000)
  from space 4608K, 0% used [0x00000000d9500000,0x00000000d9500000,0x00000000d9980000)
  to   space 5120K, 0% used [0x00000000d8f80000,0x00000000d8f80000,0x00000000d9480000)
 ParOldGen       total 35840K, used 4271K [0x0000000085200000, 0x0000000087500000, 0x00000000d7100000)
  object space 35840K, 11% used [0x0000000085200000,0x000000008562bf28,0x0000000087500000)
 Metaspace       used 20829K, capacity 21030K, committed 21248K, reserved 1069056K
  class space    used 2404K, capacity 2470K, committed 2560K, reserved 1048576K
}

