# JRE version: Java(TM) SE Runtime Environment (8.0_91-b14) (build 1.8.0_91-b14)
# Java VM: Java HotSpot(TM) 64-Bit Server VM (25.91-b14 mixed mode linux-amd64 compressed oops)
Heap:
 PSYoungGen      total 34816K, used 6377K [0x00000000d7100000, 0x00000000d9900000, 0x0000000100000000)
  eden space 29696K, 19% used [0x00000000d7100000,0x00000000d76867d0,0x00000000d8e00000)
  from space 5120K, 14% used [0x00000000d9380000,0x00000000d9434010,0x00000000d9880000)
  to   space 5632K, 0% used [0x00000000d8e00000,0x00000000d8e00000,0x00000000d9380000)
 ParOldGen       total 84992K, used 3357K [0x0000000085200000, 0x000000008a500000, 0x00000000d7100000)
  object space 84992K, 3% used [0x0000000085200000,0x0000000085547570,0x000000008a500000)
 Metaspace       used 18593K, capacity 19094K, committed 19200K, reserved 1067008K
  class space    used 2114K, capacity 2287K, committed 2304K, reserved 1048576K
GC Heap History (10 events):
Event: 340,636 GC heap before
{Heap before GC invocations=4 (full 0):
 PSYoungGen      total 36864K, used 35706K [0x00000000d7100000, 0x00000000d9a00000, 0x0000000100000000)
  eden space 31744K, 100% used [0x00000000d7100000,0x00000000d9000000,0x00000000d9000000)
  from space 5120K, 77% used [0x00000000d9000000,0x00000000d93de918,0x00000000d9500000)
  to   space 5120K, 0% used [0x00000000d9500000,0x00000000d9500000,0x00000000d9a00000)
 ParOldGen       total 84992K, used 112K [0x0000000085200000, 0x000000008a500000, 0x00000000d7100000)
  object space 84992K, 0% used [0x0000000085200000,0x000000008521c010,0x000000008a500000)
 Metaspace       used 17986K, capacity 18506K, committed 18688K, reserved 1064960K
  class space    used 2106K, capacity 2285K, committed 2304K, reserved 1048576K
Event: 340,642 GC heap after
Heap after GC invocations=4 (full 0):
 PSYoungGen      total 36864K, used 4260K [0x00000000d7100000, 0x00000000d9a00000, 0x0000000100000000)
  eden space 31744K, 0% used [0x00000000d7100000,0x00000000d7100000,0x00000000d9000000)
  from space 5120K, 83% used [0x00000000d9500000,0x00000000d9929118,0x00000000d9a00000)
  to   space 5120K, 0% used [0x00000000d9000000,0x00000000d9000000,0x00000000d9500000)
 ParOldGen       total 84992K, used 120K [0x0000000085200000, 0x000000008a500000, 0x00000000d7100000)
  object space 84992K, 0% used [0x0000000085200000,0x000000008521e010,0x000000008a500000)
 Metaspace       used 17986K, capacity 18506K, committed 18688K, reserved 1064960K
  class space    used 2106K, capacity 2285K, committed 2304K, reserved 1048576K
}
Event: 352,789 GC heap before
{Heap before GC invocations=5 (full 0):
 PSYoungGen      total 36864K, used 36004K [0x00000000d7100000, 0x00000000d9a00000, 0x0000000100000000)
  eden space 31744K, 100% used [0x00000000d7100000,0x00000000d9000000,0x00000000d9000000)
  from space 5120K, 83% used [0x00000000d9500000,0x00000000d9929118,0x00000000d9a00000)
  to   space 5120K, 0% used [0x00000000d9000000,0x00000000d9000000,0x00000000d9500000)
 ParOldGen       total 84992K, used 120K [0x0000000085200000, 0x000000008a500000, 0x00000000d7100000)
  object space 84992K, 0% used [0x0000000085200000,0x000000008521e010,0x000000008a500000)
 Metaspace       used 18149K, capacity 18704K, committed 18944K, reserved 1067008K
  class space    used 2111K, capacity 2286K, committed 2304K, reserved 1048576K
Event: 352,798 GC heap after
Heap after GC invocations=5 (full 0):
 PSYoungGen      total 34816K, used 3572K [0x00000000d7100000, 0x00000000d9880000, 0x0000000100000000)
  eden space 31232K, 0% used [0x00000000d7100000,0x00000000d7100000,0x00000000d8f80000)
  from space 3584K, 99% used [0x00000000d9000000,0x00000000d937d108,0x00000000d9380000)
  to   space 4608K, 0% used [0x00000000d9400000,0x00000000d9400000,0x00000000d9880000)
 ParOldGen       total 84992K, used 128K [0x0000000085200000, 0x000000008a500000, 0x00000000d7100000)
  object space 84992K, 0% used [0x0000000085200000,0x0000000085220010,0x000000008a500000)
 Metaspace       used 18149K, capacity 18704K, committed 18944K, reserved 1067008K
  class space    used 2111K, capacity 2286K, committed 2304K, reserved 1048576K
}
Event: 7540,233 GC heap before
{Heap before GC invocations=6 (full 0):
 PSYoungGen      total 34816K, used 34804K [0x00000000d7100000, 0x00000000d9880000, 0x0000000100000000)
  eden space 31232K, 100% used [0x00000000d7100000,0x00000000d8f80000,0x00000000d8f80000)
  from space 3584K, 99% used [0x00000000d9000000,0x00000000d937d108,0x00000000d9380000)
  to   space 4608K, 0% used [0x00000000d9400000,0x00000000d9400000,0x00000000d9880000)
 ParOldGen       total 84992K, used 128K [0x0000000085200000, 0x000000008a500000, 0x00000000d7100000)
  object space 84992K, 0% used [0x0000000085200000,0x0000000085220010,0x000000008a500000)
 Metaspace       used 18530K, capacity 19094K, committed 19200K, reserved 1067008K
  class space    used 2114K, capacity 2287K, committed 2304K, reserved 1048576K
Event: 7540,238 GC heap after
Heap after GC invocations=6 (full 0):
 PSYoungGen      total 34816K, used 3730K [0x00000000d7100000, 0x00000000d9800000, 0x0000000100000000)
  eden space 30720K, 0% used [0x00000000d7100000,0x00000000d7100000,0x00000000d8f00000)
  from space 4096K, 91% used [0x00000000d9400000,0x00000000d97a48f8,0x00000000d9800000)
  to   space 4608K, 0% used [0x00000000d8f00000,0x00000000d8f00000,0x00000000d9380000)
 ParOldGen       total 84992K, used 136K [0x0000000085200000, 0x000000008a500000, 0x00000000d7100000)
  object space 84992K, 0% used [0x0000000085200000,0x0000000085222010,0x000000008a500000)
 Metaspace       used 18530K, capacity 19094K, committed 19200K, reserved 1067008K
  class space    used 2114K, capacity 2287K, committed 2304K, reserved 1048576K
}
Event: 7541,683 GC heap before
{Heap before GC invocations=7 (full 0):
 PSYoungGen      total 34816K, used 34450K [0x00000000d7100000, 0x00000000d9800000, 0x0000000100000000)
  eden space 30720K, 100% used [0x00000000d7100000,0x00000000d8f00000,0x00000000d8f00000)
  from space 4096K, 91% used [0x00000000d9400000,0x00000000d97a48f8,0x00000000d9800000)
  to   space 4608K, 0% used [0x00000000d8f00000,0x00000000d8f00000,0x00000000d9380000)
 ParOldGen       total 84992K, used 136K [0x0000000085200000, 0x000000008a500000, 0x00000000d7100000)
  object space 84992K, 0% used [0x0000000085200000,0x0000000085222010,0x000000008a500000)
 Metaspace       used 18565K, capacity 19094K, committed 19200K, reserved 1067008K
  class space    used 2114K, capacity 2287K, committed 2304K, reserved 1048576K
Event: 7541,690 GC heap after
Heap after GC invocations=7 (full 0):
 PSYoungGen      total 34816K, used 1440K [0x00000000d7100000, 0x00000000d9880000, 0x0000000100000000)
  eden space 30208K, 0% used [0x00000000d7100000,0x00000000d7100000,0x00000000d8e80000)
  from space 4608K, 31% used [0x00000000d8f00000,0x00000000d9068000,0x00000000d9380000)
  to   space 5120K, 0% used [0x00000000d9380000,0x00000000d9380000,0x00000000d9880000)
 ParOldGen       total 84992K, used 3245K [0x0000000085200000, 0x000000008a500000, 0x00000000d7100000)
  object space 84992K, 3% used [0x0000000085200000,0x000000008552b570,0x000000008a500000)
 Metaspace       used 18565K, capacity 19094K, committed 19200K, reserved 1067008K
  class space    used 2114K, capacity 2287K, committed 2304K, reserved 1048576K
}
Event: 7545,498 GC heap before
{Heap before GC invocations=8 (full 0):
 PSYoungGen      total 34816K, used 31648K [0x00000000d7100000, 0x00000000d9880000, 0x0000000100000000)
  eden space 30208K, 100% used [0x00000000d7100000,0x00000000d8e80000,0x00000000d8e80000)
  from space 4608K, 31% used [0x00000000d8f00000,0x00000000d9068000,0x00000000d9380000)
  to   space 5120K, 0% used [0x00000000d9380000,0x00000000d9380000,0x00000000d9880000)
 ParOldGen       total 84992K, used 3245K [0x0000000085200000, 0x000000008a500000, 0x00000000d7100000)
  object space 84992K, 3% used [0x0000000085200000,0x000000008552b570,0x000000008a500000)
 Metaspace       used 18586K, capacity 19094K, committed 19200K, reserved 1067008K
  class space    used 2114K, capacity 2287K, committed 2304K, reserved 1048576K
Event: 7545,500 GC heap after
Heap after GC invocations=8 (full 0):
 PSYoungGen      total 34816K, used 720K [0x00000000d7100000, 0x00000000d9900000, 0x0000000100000000)
  eden space 29696K, 0% used [0x00000000d7100000,0x00000000d7100000,0x00000000d8e00000)
  from space 5120K, 14% used [0x00000000d9380000,0x00000000d9434010,0x00000000d9880000)
  to   space 5632K, 0% used [0x00000000d8e00000,0x00000000d8e00000,0x00000000d9380000)
 ParOldGen       total 84992K, used 3357K [0x0000000085200000, 0x000000008a500000, 0x00000000d7100000)
  object space 84992K, 3% used [0x0000000085200000,0x0000000085547570,0x000000008a500000)
 Metaspace       used 18586K, capacity 19094K, committed 19200K, reserved 1067008K
  class space    used 2114K, capacity 2287K, committed 2304K, reserved 1048576K
}

