# JRE version: Java(TM) SE Runtime Environment (8.0_91-b14) (build 1.8.0_91-b14)
# Java VM: Java HotSpot(TM) 64-Bit Server VM (25.91-b14 mixed mode linux-amd64 compressed oops)
Heap:
 PSYoungGen      total 31232K, used 7451K [0x00000000d7100000, 0x00000000d9880000, 0x0000000100000000)
  eden space 30208K, 22% used [0x00000000d7100000,0x00000000d7782f60,0x00000000d8e80000)
  from space 1024K, 76% used [0x00000000d8f00000,0x00000000d8fc4010,0x00000000d9000000)
  to   space 5120K, 0% used [0x00000000d9380000,0x00000000d9380000,0x00000000d9880000)
 ParOldGen       total 35840K, used 3857K [0x0000000085200000, 0x0000000087500000, 0x00000000d7100000)
  object space 35840K, 10% used [0x0000000085200000,0x00000000855c4720,0x0000000087500000)
 Metaspace       used 22459K, capacity 23334K, committed 23552K, reserved 1069056K
  class space    used 2706K, capacity 2998K, committed 3072K, reserved 1048576K
GC Heap History (10 events):
Event: 89,474 GC heap before
{Heap before GC invocations=4 (full 1):
 PSYoungGen      total 36864K, used 3910K [0x00000000d7100000, 0x00000000d9a00000, 0x0000000100000000)
  eden space 31744K, 0% used [0x00000000d7100000,0x00000000d7100000,0x00000000d9000000)
  from space 5120K, 76% used [0x00000000d9000000,0x00000000d93d1928,0x00000000d9500000)
  to   space 5120K, 0% used [0x00000000d9500000,0x00000000d9500000,0x00000000d9a00000)
 ParOldGen       total 84992K, used 112K [0x0000000085200000, 0x000000008a500000, 0x00000000d7100000)
  object space 84992K, 0% used [0x0000000085200000,0x000000008521c010,0x000000008a500000)
 Metaspace       used 20434K, capacity 21234K, committed 21248K, reserved 1067008K
  class space    used 2496K, capacity 2811K, committed 2816K, reserved 1048576K
Event: 89,506 GC heap after
Heap after GC invocations=4 (full 1):
 PSYoungGen      total 36864K, used 0K [0x00000000d7100000, 0x00000000d9a00000, 0x0000000100000000)
  eden space 31744K, 0% used [0x00000000d7100000,0x00000000d7100000,0x00000000d9000000)
  from space 5120K, 0% used [0x00000000d9000000,0x00000000d9000000,0x00000000d9500000)
  to   space 5120K, 0% used [0x00000000d9500000,0x00000000d9500000,0x00000000d9a00000)
 ParOldGen       total 35840K, used 3825K [0x0000000085200000, 0x0000000087500000, 0x00000000d7100000)
  object space 35840K, 10% used [0x0000000085200000,0x00000000855bc720,0x0000000087500000)
 Metaspace       used 20420K, capacity 21216K, committed 21248K, reserved 1067008K
  class space    used 2494K, capacity 2809K, committed 2816K, reserved 1048576K
}
Event: 316,636 GC heap before
{Heap before GC invocations=5 (full 1):
 PSYoungGen      total 36864K, used 31744K [0x00000000d7100000, 0x00000000d9a00000, 0x0000000100000000)
  eden space 31744K, 100% used [0x00000000d7100000,0x00000000d9000000,0x00000000d9000000)
  from space 5120K, 0% used [0x00000000d9000000,0x00000000d9000000,0x00000000d9500000)
  to   space 5120K, 0% used [0x00000000d9500000,0x00000000d9500000,0x00000000d9a00000)
 ParOldGen       total 35840K, used 3825K [0x0000000085200000, 0x0000000087500000, 0x00000000d7100000)
  object space 35840K, 10% used [0x0000000085200000,0x00000000855bc720,0x0000000087500000)
 Metaspace       used 21606K, capacity 22490K, committed 22784K, reserved 1069056K
  class space    used 2651K, capacity 2973K, committed 3072K, reserved 1048576K
Event: 316,638 GC heap after
Heap after GC invocations=5 (full 1):
 PSYoungGen      total 36864K, used 704K [0x00000000d7100000, 0x00000000d9a00000, 0x0000000100000000)
  eden space 31744K, 0% used [0x00000000d7100000,0x00000000d7100000,0x00000000d9000000)
  from space 5120K, 13% used [0x00000000d9500000,0x00000000d95b0000,0x00000000d9a00000)
  to   space 5120K, 0% used [0x00000000d9000000,0x00000000d9000000,0x00000000d9500000)
 ParOldGen       total 35840K, used 3833K [0x0000000085200000, 0x0000000087500000, 0x00000000d7100000)
  object space 35840K, 10% used [0x0000000085200000,0x00000000855be720,0x0000000087500000)
 Metaspace       used 21606K, capacity 22490K, committed 22784K, reserved 1069056K
  class space    used 2651K, capacity 2973K, committed 3072K, reserved 1048576K
}
Event: 316,879 GC heap before
{Heap before GC invocations=6 (full 1):
 PSYoungGen      total 36864K, used 32448K [0x00000000d7100000, 0x00000000d9a00000, 0x0000000100000000)
  eden space 31744K, 100% used [0x00000000d7100000,0x00000000d9000000,0x00000000d9000000)
  from space 5120K, 13% used [0x00000000d9500000,0x00000000d95b0000,0x00000000d9a00000)
  to   space 5120K, 0% used [0x00000000d9000000,0x00000000d9000000,0x00000000d9500000)
 ParOldGen       total 35840K, used 3833K [0x0000000085200000, 0x0000000087500000, 0x00000000d7100000)
  object space 35840K, 10% used [0x0000000085200000,0x00000000855be720,0x0000000087500000)
 Metaspace       used 21983K, capacity 22860K, committed 23040K, reserved 1069056K
  class space    used 2697K, capacity 2986K, committed 3072K, reserved 1048576K
Event: 316,883 GC heap after
Heap after GC invocations=6 (full 1):
 PSYoungGen      total 36352K, used 864K [0x00000000d7100000, 0x00000000d9a80000, 0x0000000100000000)
  eden space 31232K, 0% used [0x00000000d7100000,0x00000000d7100000,0x00000000d8f80000)
  from space 5120K, 16% used [0x00000000d9000000,0x00000000d90d8000,0x00000000d9500000)
  to   space 5632K, 0% used [0x00000000d9500000,0x00000000d9500000,0x00000000d9a80000)
 ParOldGen       total 35840K, used 3841K [0x0000000085200000, 0x0000000087500000, 0x00000000d7100000)
  object space 35840K, 10% used [0x0000000085200000,0x00000000855c0720,0x0000000087500000)
 Metaspace       used 21983K, capacity 22860K, committed 23040K, reserved 1069056K
  class space    used 2697K, capacity 2986K, committed 3072K, reserved 1048576K
}
Event: 337,025 GC heap before
{Heap before GC invocations=7 (full 1):
 PSYoungGen      total 36352K, used 32096K [0x00000000d7100000, 0x00000000d9a80000, 0x0000000100000000)
  eden space 31232K, 100% used [0x00000000d7100000,0x00000000d8f80000,0x00000000d8f80000)
  from space 5120K, 16% used [0x00000000d9000000,0x00000000d90d8000,0x00000000d9500000)
  to   space 5632K, 0% used [0x00000000d9500000,0x00000000d9500000,0x00000000d9a80000)
 ParOldGen       total 35840K, used 3841K [0x0000000085200000, 0x0000000087500000, 0x00000000d7100000)
  object space 35840K, 10% used [0x0000000085200000,0x00000000855c0720,0x0000000087500000)
 Metaspace       used 22263K, capacity 23124K, committed 23296K, reserved 1069056K
  class space    used 2704K, capacity 2995K, committed 3072K, reserved 1048576K
Event: 337,027 GC heap after
Heap after GC invocations=7 (full 1):
 PSYoungGen      total 35840K, used 928K [0x00000000d7100000, 0x00000000d9a00000, 0x0000000100000000)
  eden space 30720K, 0% used [0x00000000d7100000,0x00000000d7100000,0x00000000d8f00000)
  from space 5120K, 18% used [0x00000000d9500000,0x00000000d95e8000,0x00000000d9a00000)
  to   space 5632K, 0% used [0x00000000d8f00000,0x00000000d8f00000,0x00000000d9480000)
 ParOldGen       total 35840K, used 3849K [0x0000000085200000, 0x0000000087500000, 0x00000000d7100000)
  object space 35840K, 10% used [0x0000000085200000,0x00000000855c2720,0x0000000087500000)
 Metaspace       used 22263K, capacity 23124K, committed 23296K, reserved 1069056K
  class space    used 2704K, capacity 2995K, committed 3072K, reserved 1048576K
}
Event: 411,567 GC heap before
{Heap before GC invocations=8 (full 1):
 PSYoungGen      total 35840K, used 31648K [0x00000000d7100000, 0x00000000d9a00000, 0x0000000100000000)
  eden space 30720K, 100% used [0x00000000d7100000,0x00000000d8f00000,0x00000000d8f00000)
  from space 5120K, 18% used [0x00000000d9500000,0x00000000d95e8000,0x00000000d9a00000)
  to   space 5632K, 0% used [0x00000000d8f00000,0x00000000d8f00000,0x00000000d9480000)
 ParOldGen       total 35840K, used 3849K [0x0000000085200000, 0x0000000087500000, 0x00000000d7100000)
  object space 35840K, 10% used [0x0000000085200000,0x00000000855c2720,0x0000000087500000)
 Metaspace       used 22394K, capacity 23264K, committed 23552K, reserved 1069056K
  class space    used 2705K, capacity 2997K, committed 3072K, reserved 1048576K
Event: 411,570 GC heap after
Heap after GC invocations=8 (full 1):
 PSYoungGen      total 31232K, used 784K [0x00000000d7100000, 0x00000000d9880000, 0x0000000100000000)
  eden space 30208K, 0% used [0x00000000d7100000,0x00000000d7100000,0x00000000d8e80000)
  from space 1024K, 76% used [0x00000000d8f00000,0x00000000d8fc4010,0x00000000d9000000)
  to   space 5120K, 0% used [0x00000000d9380000,0x00000000d9380000,0x00000000d9880000)
 ParOldGen       total 35840K, used 3857K [0x0000000085200000, 0x0000000087500000, 0x00000000d7100000)
  object space 35840K, 10% used [0x0000000085200000,0x00000000855c4720,0x0000000087500000)
 Metaspace       used 22394K, capacity 23264K, committed 23552K, reserved 1069056K
  class space    used 2705K, capacity 2997K, committed 3072K, reserved 1048576K
}

