# JRE version: Java(TM) SE Runtime Environment (8.0_91-b14) (build 1.8.0_91-b14)
# Java VM: Java HotSpot(TM) 64-Bit Server VM (25.91-b14 mixed mode linux-amd64 compressed oops)
Heap:
 PSYoungGen      total 177152K, used 65269K [0x00000000d7100000, 0x00000000e2e80000, 0x0000000100000000)
  eden space 171008K, 36% used [0x00000000d7100000,0x00000000dad6d5e8,0x00000000e1800000)
  from space 6144K, 55% used [0x00000000e1e00000,0x00000000e2150000,0x00000000e2400000)
  to   space 6144K, 0% used [0x00000000e1800000,0x00000000e1800000,0x00000000e1e00000)
 ParOldGen       total 50176K, used 4922K [0x0000000085200000, 0x0000000088300000, 0x00000000d7100000)
  object space 50176K, 9% used [0x0000000085200000,0x00000000856ce858,0x0000000088300000)
 Metaspace       used 22982K, capacity 26372K, committed 26624K, reserved 1071104K
  class space    used 3038K, capacity 4247K, committed 4352K, reserved 1048576K
GC Heap History (10 events):
Event: 9,479 GC heap before
{Heap before GC invocations=5 (full 1):
 PSYoungGen      total 68608K, used 63488K [0x00000000d7100000, 0x00000000db900000, 0x0000000100000000)
  eden space 63488K, 100% used [0x00000000d7100000,0x00000000daf00000,0x00000000daf00000)
  from space 5120K, 0% used [0x00000000daf00000,0x00000000daf00000,0x00000000db400000)
  to   space 5120K, 0% used [0x00000000db400000,0x00000000db400000,0x00000000db900000)
 ParOldGen       total 50176K, used 3793K [0x0000000085200000, 0x0000000088300000, 0x00000000d7100000)
  object space 50176K, 7% used [0x0000000085200000,0x00000000855b45f8,0x0000000088300000)
 Metaspace       used 20608K, capacity 21584K, committed 22016K, reserved 1069056K
  class space    used 2588K, capacity 2947K, committed 3072K, reserved 1048576K
Event: 9,482 GC heap after
Heap after GC invocations=5 (full 1):
 PSYoungGen      total 68608K, used 1216K [0x00000000d7100000, 0x00000000dd700000, 0x0000000100000000)
  eden space 63488K, 0% used [0x00000000d7100000,0x00000000d7100000,0x00000000daf00000)
  from space 5120K, 23% used [0x00000000db400000,0x00000000db530000,0x00000000db900000)
  to   space 5120K, 0% used [0x00000000daf00000,0x00000000daf00000,0x00000000db400000)
 ParOldGen       total 50176K, used 3801K [0x0000000085200000, 0x0000000088300000, 0x00000000d7100000)
  object space 50176K, 7% used [0x0000000085200000,0x00000000855b65f8,0x0000000088300000)
 Metaspace       used 20608K, capacity 21584K, committed 22016K, reserved 1069056K
  class space    used 2588K, capacity 2947K, committed 3072K, reserved 1048576K
}
Event: 9,775 GC heap before
{Heap before GC invocations=6 (full 1):
 PSYoungGen      total 68608K, used 64704K [0x00000000d7100000, 0x00000000dd700000, 0x0000000100000000)
  eden space 63488K, 100% used [0x00000000d7100000,0x00000000daf00000,0x00000000daf00000)
  from space 5120K, 23% used [0x00000000db400000,0x00000000db530000,0x00000000db900000)
  to   space 5120K, 0% used [0x00000000daf00000,0x00000000daf00000,0x00000000db400000)
 ParOldGen       total 50176K, used 3801K [0x0000000085200000, 0x0000000088300000, 0x00000000d7100000)
  object space 50176K, 7% used [0x0000000085200000,0x00000000855b65f8,0x0000000088300000)
 Metaspace       used 20817K, capacity 21840K, committed 22272K, reserved 1069056K
  class space    used 2588K, capacity 2947K, committed 3072K, reserved 1048576K
Event: 9,785 GC heap after
Heap after GC invocations=6 (full 1):
 PSYoungGen      total 68608K, used 3840K [0x00000000d7100000, 0x00000000de180000, 0x0000000100000000)
  eden space 63488K, 0% used [0x00000000d7100000,0x00000000d7100000,0x00000000daf00000)
  from space 5120K, 75% used [0x00000000daf00000,0x00000000db2c0000,0x00000000db400000)
  to   space 5120K, 0% used [0x00000000ddc80000,0x00000000ddc80000,0x00000000de180000)
 ParOldGen       total 50176K, used 3809K [0x0000000085200000, 0x0000000088300000, 0x00000000d7100000)
  object space 50176K, 7% used [0x0000000085200000,0x00000000855b85f8,0x0000000088300000)
 Metaspace       used 20817K, capacity 21840K, committed 22272K, reserved 1069056K
  class space    used 2588K, capacity 2947K, committed 3072K, reserved 1048576K
}
Event: 10,075 GC heap before
{Heap before GC invocations=7 (full 1):
 PSYoungGen      total 68608K, used 67328K [0x00000000d7100000, 0x00000000de180000, 0x0000000100000000)
  eden space 63488K, 100% used [0x00000000d7100000,0x00000000daf00000,0x00000000daf00000)
  from space 5120K, 75% used [0x00000000daf00000,0x00000000db2c0000,0x00000000db400000)
  to   space 5120K, 0% used [0x00000000ddc80000,0x00000000ddc80000,0x00000000de180000)
 ParOldGen       total 50176K, used 3809K [0x0000000085200000, 0x0000000088300000, 0x00000000d7100000)
  object space 50176K, 7% used [0x0000000085200000,0x00000000855b85f8,0x0000000088300000)
 Metaspace       used 21753K, capacity 24092K, committed 24192K, reserved 1069056K
  class space    used 2837K, capacity 3694K, committed 3712K, reserved 1048576K
Event: 10,085 GC heap after
Heap after GC invocations=7 (full 1):
 PSYoungGen      total 108544K, used 5120K [0x00000000d7100000, 0x00000000de800000, 0x0000000100000000)
  eden space 103424K, 0% used [0x00000000d7100000,0x00000000d7100000,0x00000000dd600000)
  from space 5120K, 100% used [0x00000000ddc80000,0x00000000de180000,0x00000000de180000)
  to   space 6656K, 0% used [0x00000000dd600000,0x00000000dd600000,0x00000000ddc80000)
 ParOldGen       total 50176K, used 4618K [0x0000000085200000, 0x0000000088300000, 0x00000000d7100000)
  object space 50176K, 9% used [0x0000000085200000,0x0000000085682858,0x0000000088300000)
 Metaspace       used 21753K, capacity 24092K, committed 24192K, reserved 1069056K
  class space    used 2837K, capacity 3694K, committed 3712K, reserved 1048576K
}
Event: 28,153 GC heap before
{Heap before GC invocations=8 (full 1):
 PSYoungGen      total 108544K, used 108544K [0x00000000d7100000, 0x00000000de800000, 0x0000000100000000)
  eden space 103424K, 100% used [0x00000000d7100000,0x00000000dd600000,0x00000000dd600000)
  from space 5120K, 100% used [0x00000000ddc80000,0x00000000de180000,0x00000000de180000)
  to   space 6656K, 0% used [0x00000000dd600000,0x00000000dd600000,0x00000000ddc80000)
 ParOldGen       total 50176K, used 4618K [0x0000000085200000, 0x0000000088300000, 0x00000000d7100000)
  object space 50176K, 9% used [0x0000000085200000,0x0000000085682858,0x0000000088300000)
 Metaspace       used 22912K, capacity 26214K, committed 26368K, reserved 1071104K
  class space    used 3035K, capacity 4242K, committed 4352K, reserved 1048576K
Event: 28,170 GC heap after
Heap after GC invocations=8 (full 1):
 PSYoungGen      total 110080K, used 4128K [0x00000000d7100000, 0x00000000e2400000, 0x0000000100000000)
  eden space 103424K, 0% used [0x00000000d7100000,0x00000000d7100000,0x00000000dd600000)
  from space 6656K, 62% used [0x00000000dd600000,0x00000000dda08000,0x00000000ddc80000)
  to   space 6144K, 0% used [0x00000000e1e00000,0x00000000e1e00000,0x00000000e2400000)
 ParOldGen       total 50176K, used 4626K [0x0000000085200000, 0x0000000088300000, 0x00000000d7100000)
  object space 50176K, 9% used [0x0000000085200000,0x0000000085684858,0x0000000088300000)
 Metaspace       used 22912K, capacity 26214K, committed 26368K, reserved 1071104K
  class space    used 3035K, capacity 4242K, committed 4352K, reserved 1048576K
}
Event: 28,433 GC heap before
{Heap before GC invocations=9 (full 1):
 PSYoungGen      total 110080K, used 107552K [0x00000000d7100000, 0x00000000e2400000, 0x0000000100000000)
  eden space 103424K, 100% used [0x00000000d7100000,0x00000000dd600000,0x00000000dd600000)
  from space 6656K, 62% used [0x00000000dd600000,0x00000000dda08000,0x00000000ddc80000)
  to   space 6144K, 0% used [0x00000000e1e00000,0x00000000e1e00000,0x00000000e2400000)
 ParOldGen       total 50176K, used 4626K [0x0000000085200000, 0x0000000088300000, 0x00000000d7100000)
  object space 50176K, 9% used [0x0000000085200000,0x0000000085684858,0x0000000088300000)
 Metaspace       used 22971K, capacity 26372K, committed 26624K, reserved 1071104K
  class space    used 3038K, capacity 4247K, committed 4352K, reserved 1048576K
Event: 28,447 GC heap after
Heap after GC invocations=9 (full 1):
 PSYoungGen      total 177152K, used 3392K [0x00000000d7100000, 0x00000000e2e80000, 0x0000000100000000)
  eden space 171008K, 0% used [0x00000000d7100000,0x00000000d7100000,0x00000000e1800000)
  from space 6144K, 55% used [0x00000000e1e00000,0x00000000e2150000,0x00000000e2400000)
  to   space 6144K, 0% used [0x00000000e1800000,0x00000000e1800000,0x00000000e1e00000)
 ParOldGen       total 50176K, used 4922K [0x0000000085200000, 0x0000000088300000, 0x00000000d7100000)
  object space 50176K, 9% used [0x0000000085200000,0x00000000856ce858,0x0000000088300000)
 Metaspace       used 22971K, capacity 26372K, committed 26624K, reserved 1071104K
  class space    used 3038K, capacity 4247K, committed 4352K, reserved 1048576K
}

